<?xml version="1.0" encoding="UTF-8"?>
<!-- Generated by org.testng.reporters.JUnitReportReporter -->
<testsuite hostname="LAPTOP-9R5OQI11" failures="0" tests="1" name="apiTests.ValidateResponse" time="6.222" errors="0" timestamp="2022-11-24T22:02:20 IST" skipped="0">
  <testcase classname="apiTests.ValidateResponse" name="testOne" time="6.222"/>
  <system-out/>
</testsuite> <!-- apiTests.ValidateResponse -->
