<?xml version="1.0" encoding="UTF-8"?>
<!-- Generated by org.testng.reporters.JUnitReportReporter -->
<testsuite hostname="LAPTOP-9R5OQI11" failures="0" tests="1" name="apiTestsRestAssured.ValidateResponse" time="4.198" errors="0" timestamp="2022-11-25T20:04:39 IST" skipped="0">
  <testcase classname="apiTestsRestAssured.ValidateResponse" name="validate_GET_Response" time="4.198"/>
  <system-out/>
</testsuite> <!-- apiTestsRestAssured.ValidateResponse -->
