<?xml version="1.0" encoding="UTF-8"?>
<!-- Generated by org.testng.reporters.JUnitReportReporter -->
<testsuite hostname="LAPTOP-9R5OQI11" failures="0" tests="1" name="apiTests.GetTest" time="4.396" errors="0" timestamp="2022-11-23T19:55:39 IST" skipped="0">
  <testcase classname="apiTests.GetTest" name="testOne" time="4.396"/>
  <system-out/>
</testsuite> <!-- apiTests.GetTest -->
